
Explained.

Plan hash value: 2955220684

----------------------------------------------------------------------------------------
| Id  | Operation          | Name      | Rows  | Bytes |TempSpc| Cost (%CPU)| Time     |
----------------------------------------------------------------------------------------
|   0 | SELECT STATEMENT   |           | 13026 |   775K|       |  1022   (3)| 00:00:13 |
|   1 |  SORT ORDER BY     |           | 13026 |   775K|  2168K|  1022   (3)| 00:00:13 |
|*  2 |   TABLE ACCESS FULL| WORKER_OT | 13026 |   775K|       |   824   (4)| 00:00:10 |
----------------------------------------------------------------------------------------

Predicate Information (identified by operation id):
---------------------------------------------------

   2 - filter("NAME" LIKE '%DOE%')

14 rows selected.

